<?xml version="1.0" encoding="UTF-8"?>
<testng-results skipped="0" failed="0" ignored="0" total="1" passed="1">
  <reporter-output>
  </reporter-output>
  <suite name="Default suite" duration-ms="50844" started-at="2018-11-21T17:32:59Z" finished-at="2018-11-21T17:33:50Z">
    <groups>
    </groups>
    <test name="Default test" duration-ms="50844" started-at="2018-11-21T17:32:59Z" finished-at="2018-11-21T17:33:50Z">
      <class name="tests.Companies">
        <test-method status="PASS" signature="beforeMethod()[pri:0, instance:tests.Companies@4909b8da]" name="beforeMethod" is-config="true" duration-ms="174" started-at="2018-11-21T17:32:59Z" finished-at="2018-11-21T17:32:59Z">
          <reporter-output>
          </reporter-output>
        </test-method> <!-- beforeMethod -->
        <test-method status="PASS" signature="launchApplication(java.lang.String, java.lang.String)[pri:0, instance:tests.Companies@4909b8da]" name="launchApplication" is-config="true" duration-ms="34295" started-at="2018-11-21T17:32:59Z" finished-at="2018-11-21T17:33:34Z">
          <params>
            <param index="0">
              <value>
                <![CDATA[chrome]]>
              </value>
            </param>
            <param index="1">
              <value>
                <![CDATA[https://www.freecrm.com/index.html]]>
              </value>
            </param>
          </params>
          <reporter-output>
          </reporter-output>
        </test-method> <!-- launchApplication -->
        <test-method status="PASS" signature="create_new_company()[pri:0, instance:tests.Companies@4909b8da]" name="create_new_company" duration-ms="10353" started-at="2018-11-21T17:33:34Z" finished-at="2018-11-21T17:33:44Z">
          <reporter-output>
          </reporter-output>
        </test-method> <!-- create_new_company -->
        <test-method status="PASS" signature="logout()[pri:0, instance:tests.Companies@4909b8da]" name="logout" is-config="true" duration-ms="6052" started-at="2018-11-21T17:33:44Z" finished-at="2018-11-21T17:33:50Z">
          <reporter-output>
          </reporter-output>
        </test-method> <!-- logout -->
      </class> <!-- tests.Companies -->
    </test> <!-- Default test -->
  </suite> <!-- Default suite -->
</testng-results>
