<?xml version="1.0" encoding="UTF-8"?>
<testng-results skipped="0" failed="0" ignored="0" total="1" passed="1">
  <reporter-output>
  </reporter-output>
  <suite name="Default suite" duration-ms="34697" started-at="2018-12-09T15:31:45Z" finished-at="2018-12-09T15:32:20Z">
    <groups>
    </groups>
    <test name="Default test" duration-ms="34697" started-at="2018-12-09T15:31:45Z" finished-at="2018-12-09T15:32:20Z">
      <class name="tests.Companies">
        <test-method status="PASS" signature="beforeMethod()[pri:0, instance:tests.Companies@1a968a59]" name="beforeMethod" is-config="true" duration-ms="717" started-at="2018-12-09T15:31:44Z" finished-at="2018-12-09T15:31:45Z">
          <reporter-output>
          </reporter-output>
        </test-method> <!-- beforeMethod -->
        <test-method status="PASS" signature="beforeTest(java.lang.String, java.lang.String)[pri:0, instance:tests.Companies@1a968a59]" name="beforeTest" is-config="true" duration-ms="22768" started-at="2018-12-09T15:31:45Z" finished-at="2018-12-09T15:32:08Z">
          <params>
            <param index="0">
              <value is-null="true"/>
            </param>
            <param index="1">
              <value is-null="true"/>
            </param>
          </params>
          <reporter-output>
          </reporter-output>
        </test-method> <!-- beforeTest -->
        <test-method status="PASS" signature="create_new_company()[pri:0, instance:tests.Companies@1a968a59]" name="create_new_company" duration-ms="11862" started-at="2018-12-09T15:32:08Z" finished-at="2018-12-09T15:32:20Z">
          <reporter-output>
          </reporter-output>
        </test-method> <!-- create_new_company -->
      </class> <!-- tests.Companies -->
    </test> <!-- Default test -->
  </suite> <!-- Default suite -->
</testng-results>
